c:\users\jihwan kim\documents\msu\5th year\cse 335\step2\step2\debug\step2.pch
c:\users\jihwan kim\documents\msu\5th year\cse 335\step2\step2\debug\vc142.pdb
c:\users\jihwan kim\documents\msu\5th year\cse 335\step2\step2\debug\vc142.idb
c:\users\jihwan kim\documents\msu\5th year\cse 335\step2\step2\debug\pch.obj
c:\users\jihwan kim\documents\msu\5th year\cse 335\step2\step2\debug\step2.obj
c:\users\jihwan kim\documents\msu\5th year\cse 335\step2\step2\debug\mainfrm.obj
c:\users\jihwan kim\documents\msu\5th year\cse 335\step2\step2\debug\item.obj
c:\users\jihwan kim\documents\msu\5th year\cse 335\step2\step2\debug\fishstinky.obj
c:\users\jihwan kim\documents\msu\5th year\cse 335\step2\step2\debug\fishnemo.obj
c:\users\jihwan kim\documents\msu\5th year\cse 335\step2\step2\debug\fishkarp.obj
c:\users\jihwan kim\documents\msu\5th year\cse 335\step2\step2\debug\fishbeta.obj
c:\users\jihwan kim\documents\msu\5th year\cse 335\step2\step2\debug\childview.obj
c:\users\jihwan kim\documents\msu\5th year\cse 335\step2\step2\debug\aquarium.obj
c:\users\jihwan kim\documents\msu\5th year\cse 335\step2\step2\debug\decorcastle.obj
c:\users\jihwan kim\documents\msu\5th year\cse 335\step2\step2\debug\xmlnode.obj
c:\users\jihwan kim\documents\msu\5th year\cse 335\step2\step2\debug\fish.obj
c:\users\jihwan kim\documents\msu\5th year\cse 335\step2\debug\step2.exe
c:\users\jihwan kim\documents\msu\5th year\cse 335\step2\debug\step2.ilk
c:\users\jihwan kim\documents\msu\5th year\cse 335\step2\debug\step2.pdb
c:\users\jihwan kim\documents\msu\5th year\cse 335\step2\step2\debug\step2.res
c:\users\jihwan kim\documents\msu\5th year\cse 335\step2\step2\debug\step2.tlog\cl.command.1.tlog
c:\users\jihwan kim\documents\msu\5th year\cse 335\step2\step2\debug\step2.tlog\cl.read.1.tlog
c:\users\jihwan kim\documents\msu\5th year\cse 335\step2\step2\debug\step2.tlog\cl.write.1.tlog
c:\users\jihwan kim\documents\msu\5th year\cse 335\step2\step2\debug\step2.tlog\link.command.1.tlog
c:\users\jihwan kim\documents\msu\5th year\cse 335\step2\step2\debug\step2.tlog\link.read.1.tlog
c:\users\jihwan kim\documents\msu\5th year\cse 335\step2\step2\debug\step2.tlog\link.write.1.tlog
c:\users\jihwan kim\documents\msu\5th year\cse 335\step2\step2\debug\step2.tlog\rc.command.1.tlog
c:\users\jihwan kim\documents\msu\5th year\cse 335\step2\step2\debug\step2.tlog\rc.read.1.tlog
c:\users\jihwan kim\documents\msu\5th year\cse 335\step2\step2\debug\step2.tlog\rc.write.1.tlog
